[INFO  - 2016-09-24T23:48:16.552Z] GhostDriver - Main - running on port 24208
[INFO  - 2016-09-24T23:48:17.081Z] Session [5d7e9d60-82b1-11e6-b06b-5d990c0eabc0] - page.settings - {"XSSAuditingEnabled":false,"javascriptCanCloseWindows":true,"javascriptCanOpenWindows":true,"javascriptEnabled":true,"loadImages":true,"localToRemoteUrlAccessEnabled":false,"userAgent":"Mozilla/5.0 (Macintosh; Intel Mac OS X) AppleWebKit/538.1 (KHTML, like Gecko) PhantomJS/2.1.1 Safari/538.1","webSecurityEnabled":true}
[INFO  - 2016-09-24T23:48:17.081Z] Session [5d7e9d60-82b1-11e6-b06b-5d990c0eabc0] - page.customHeaders:  - {}
[INFO  - 2016-09-24T23:48:17.082Z] Session [5d7e9d60-82b1-11e6-b06b-5d990c0eabc0] - Session.negotiatedCapabilities - {"browserName":"phantomjs","version":"2.1.1","driverName":"ghostdriver","driverVersion":"1.2.0","platform":"mac-10.11 (El Capitan)-64bit","javascriptEnabled":true,"takesScreenshot":true,"handlesAlerts":false,"databaseEnabled":false,"locationContextEnabled":false,"applicationCacheEnabled":false,"browserConnectionEnabled":false,"cssSelectorsEnabled":true,"webStorageEnabled":false,"rotatable":false,"acceptSslCerts":false,"nativeEvents":true,"proxy":{"proxyType":"direct"}}
[INFO  - 2016-09-24T23:48:17.082Z] SessionManagerReqHand - _postNewSessionCommand - New Session Created: 5d7e9d60-82b1-11e6-b06b-5d990c0eabc0
[INFO  - 2016-09-24T23:53:16.546Z] SessionManagerReqHand - _cleanupWindowlessSessions - Asynchronous Sessions clean-up phase starting NOW
[INFO  - 2016-09-24T23:53:16.546Z] SessionManagerReqHand - _cleanupWindowlessSessions - Deleted Session '5d7e9d60-82b1-11e6-b06b-5d990c0eabc0', because windowless
[INFO  - 2016-09-24T23:53:36.052Z] GhostDriver - Main - running on port 44576
[INFO  - 2016-09-24T23:53:36.508Z] Session [1be32780-82b2-11e6-8bb9-f99800728c03] - page.settings - {"XSSAuditingEnabled":false,"javascriptCanCloseWindows":true,"javascriptCanOpenWindows":true,"javascriptEnabled":true,"loadImages":true,"localToRemoteUrlAccessEnabled":false,"userAgent":"Mozilla/5.0 (Macintosh; Intel Mac OS X) AppleWebKit/538.1 (KHTML, like Gecko) PhantomJS/2.1.1 Safari/538.1","webSecurityEnabled":true}
[INFO  - 2016-09-24T23:53:36.508Z] Session [1be32780-82b2-11e6-8bb9-f99800728c03] - page.customHeaders:  - {}
[INFO  - 2016-09-24T23:53:36.508Z] Session [1be32780-82b2-11e6-8bb9-f99800728c03] - Session.negotiatedCapabilities - {"browserName":"phantomjs","version":"2.1.1","driverName":"ghostdriver","driverVersion":"1.2.0","platform":"mac-10.11 (El Capitan)-64bit","javascriptEnabled":true,"takesScreenshot":true,"handlesAlerts":false,"databaseEnabled":false,"locationContextEnabled":false,"applicationCacheEnabled":false,"browserConnectionEnabled":false,"cssSelectorsEnabled":true,"webStorageEnabled":false,"rotatable":false,"acceptSslCerts":false,"nativeEvents":true,"proxy":{"proxyType":"direct"}}
[INFO  - 2016-09-24T23:53:36.508Z] SessionManagerReqHand - _postNewSessionCommand - New Session Created: 1be32780-82b2-11e6-8bb9-f99800728c03
[INFO  - 2016-09-24T23:58:36.041Z] SessionManagerReqHand - _cleanupWindowlessSessions - Asynchronous Sessions clean-up phase starting NOW
[INFO  - 2016-09-24T23:58:36.041Z] SessionManagerReqHand - _cleanupWindowlessSessions - Deleted Session '1be32780-82b2-11e6-8bb9-f99800728c03', because windowless
[INFO  - 2016-10-15T02:36:41.008Z] GhostDriver - Main - running on port 21437
[INFO  - 2016-10-15T02:36:41.268Z] Session [34520b00-9280-11e6-92d8-f1f8ea414316] - page.settings - {"XSSAuditingEnabled":false,"javascriptCanCloseWindows":true,"javascriptCanOpenWindows":true,"javascriptEnabled":true,"loadImages":true,"localToRemoteUrlAccessEnabled":false,"userAgent":"Mozilla/5.0 (Macintosh; Intel Mac OS X) AppleWebKit/538.1 (KHTML, like Gecko) PhantomJS/2.1.1 Safari/538.1","webSecurityEnabled":true}
[INFO  - 2016-10-15T02:36:41.268Z] Session [34520b00-9280-11e6-92d8-f1f8ea414316] - page.customHeaders:  - {}
[INFO  - 2016-10-15T02:36:41.268Z] Session [34520b00-9280-11e6-92d8-f1f8ea414316] - Session.negotiatedCapabilities - {"browserName":"phantomjs","version":"2.1.1","driverName":"ghostdriver","driverVersion":"1.2.0","platform":"mac-10.11 (El Capitan)-64bit","javascriptEnabled":true,"takesScreenshot":true,"handlesAlerts":false,"databaseEnabled":false,"locationContextEnabled":false,"applicationCacheEnabled":false,"browserConnectionEnabled":false,"cssSelectorsEnabled":true,"webStorageEnabled":false,"rotatable":false,"acceptSslCerts":false,"nativeEvents":true,"proxy":{"proxyType":"direct"}}
[INFO  - 2016-10-15T02:36:41.268Z] SessionManagerReqHand - _postNewSessionCommand - New Session Created: 34520b00-9280-11e6-92d8-f1f8ea414316
[INFO  - 2016-10-15T02:36:49.291Z] GhostDriver - Main - running on port 13982
[INFO  - 2016-10-15T02:36:49.530Z] Session [393eb960-9280-11e6-9311-7faf182539c5] - page.settings - {"XSSAuditingEnabled":false,"javascriptCanCloseWindows":true,"javascriptCanOpenWindows":true,"javascriptEnabled":true,"loadImages":true,"localToRemoteUrlAccessEnabled":false,"userAgent":"Mozilla/5.0 (Macintosh; Intel Mac OS X) AppleWebKit/538.1 (KHTML, like Gecko) PhantomJS/2.1.1 Safari/538.1","webSecurityEnabled":true}
[INFO  - 2016-10-15T02:36:49.530Z] Session [393eb960-9280-11e6-9311-7faf182539c5] - page.customHeaders:  - {}
[INFO  - 2016-10-15T02:36:49.530Z] Session [393eb960-9280-11e6-9311-7faf182539c5] - Session.negotiatedCapabilities - {"browserName":"phantomjs","version":"2.1.1","driverName":"ghostdriver","driverVersion":"1.2.0","platform":"mac-10.11 (El Capitan)-64bit","javascriptEnabled":true,"takesScreenshot":true,"handlesAlerts":false,"databaseEnabled":false,"locationContextEnabled":false,"applicationCacheEnabled":false,"browserConnectionEnabled":false,"cssSelectorsEnabled":true,"webStorageEnabled":false,"rotatable":false,"acceptSslCerts":false,"nativeEvents":true,"proxy":{"proxyType":"direct"}}
[INFO  - 2016-10-15T02:36:49.530Z] SessionManagerReqHand - _postNewSessionCommand - New Session Created: 393eb960-9280-11e6-9311-7faf182539c5
[INFO  - 2016-10-15T02:36:56.001Z] GhostDriver - Main - running on port 45598
[INFO  - 2016-10-15T02:36:56.249Z] Session [3d3ff650-9280-11e6-8d1f-49a4e2cf4769] - page.settings - {"XSSAuditingEnabled":false,"javascriptCanCloseWindows":true,"javascriptCanOpenWindows":true,"javascriptEnabled":true,"loadImages":true,"localToRemoteUrlAccessEnabled":false,"userAgent":"Mozilla/5.0 (Macintosh; Intel Mac OS X) AppleWebKit/538.1 (KHTML, like Gecko) PhantomJS/2.1.1 Safari/538.1","webSecurityEnabled":true}
[INFO  - 2016-10-15T02:36:56.249Z] Session [3d3ff650-9280-11e6-8d1f-49a4e2cf4769] - page.customHeaders:  - {}
[INFO  - 2016-10-15T02:36:56.249Z] Session [3d3ff650-9280-11e6-8d1f-49a4e2cf4769] - Session.negotiatedCapabilities - {"browserName":"phantomjs","version":"2.1.1","driverName":"ghostdriver","driverVersion":"1.2.0","platform":"mac-10.11 (El Capitan)-64bit","javascriptEnabled":true,"takesScreenshot":true,"handlesAlerts":false,"databaseEnabled":false,"locationContextEnabled":false,"applicationCacheEnabled":false,"browserConnectionEnabled":false,"cssSelectorsEnabled":true,"webStorageEnabled":false,"rotatable":false,"acceptSslCerts":false,"nativeEvents":true,"proxy":{"proxyType":"direct"}}
[INFO  - 2016-10-15T02:36:56.249Z] SessionManagerReqHand - _postNewSessionCommand - New Session Created: 3d3ff650-9280-11e6-8d1f-49a4e2cf4769
[INFO  - 2016-10-15T02:37:01.481Z] GhostDriver - Main - running on port 41207
[INFO  - 2016-10-15T02:37:01.755Z] Session [4087f560-9280-11e6-974d-177b6c9b5d70] - page.settings - {"XSSAuditingEnabled":false,"javascriptCanCloseWindows":true,"javascriptCanOpenWindows":true,"javascriptEnabled":true,"loadImages":true,"localToRemoteUrlAccessEnabled":false,"userAgent":"Mozilla/5.0 (Macintosh; Intel Mac OS X) AppleWebKit/538.1 (KHTML, like Gecko) PhantomJS/2.1.1 Safari/538.1","webSecurityEnabled":true}
[INFO  - 2016-10-15T02:37:01.755Z] Session [4087f560-9280-11e6-974d-177b6c9b5d70] - page.customHeaders:  - {}
[INFO  - 2016-10-15T02:37:01.755Z] Session [4087f560-9280-11e6-974d-177b6c9b5d70] - Session.negotiatedCapabilities - {"browserName":"phantomjs","version":"2.1.1","driverName":"ghostdriver","driverVersion":"1.2.0","platform":"mac-10.11 (El Capitan)-64bit","javascriptEnabled":true,"takesScreenshot":true,"handlesAlerts":false,"databaseEnabled":false,"locationContextEnabled":false,"applicationCacheEnabled":false,"browserConnectionEnabled":false,"cssSelectorsEnabled":true,"webStorageEnabled":false,"rotatable":false,"acceptSslCerts":false,"nativeEvents":true,"proxy":{"proxyType":"direct"}}
[INFO  - 2016-10-15T02:37:01.755Z] SessionManagerReqHand - _postNewSessionCommand - New Session Created: 4087f560-9280-11e6-974d-177b6c9b5d70
[INFO  - 2016-10-15T02:37:08.474Z] GhostDriver - Main - running on port 9236
[INFO  - 2016-10-15T02:37:08.750Z] Session [44b39db0-9280-11e6-afc9-db71ba86793b] - page.settings - {"XSSAuditingEnabled":false,"javascriptCanCloseWindows":true,"javascriptCanOpenWindows":true,"javascriptEnabled":true,"loadImages":true,"localToRemoteUrlAccessEnabled":false,"userAgent":"Mozilla/5.0 (Macintosh; Intel Mac OS X) AppleWebKit/538.1 (KHTML, like Gecko) PhantomJS/2.1.1 Safari/538.1","webSecurityEnabled":true}
[INFO  - 2016-10-15T02:37:08.750Z] Session [44b39db0-9280-11e6-afc9-db71ba86793b] - page.customHeaders:  - {}
[INFO  - 2016-10-15T02:37:08.750Z] Session [44b39db0-9280-11e6-afc9-db71ba86793b] - Session.negotiatedCapabilities - {"browserName":"phantomjs","version":"2.1.1","driverName":"ghostdriver","driverVersion":"1.2.0","platform":"mac-10.11 (El Capitan)-64bit","javascriptEnabled":true,"takesScreenshot":true,"handlesAlerts":false,"databaseEnabled":false,"locationContextEnabled":false,"applicationCacheEnabled":false,"browserConnectionEnabled":false,"cssSelectorsEnabled":true,"webStorageEnabled":false,"rotatable":false,"acceptSslCerts":false,"nativeEvents":true,"proxy":{"proxyType":"direct"}}
[INFO  - 2016-10-15T02:37:08.750Z] SessionManagerReqHand - _postNewSessionCommand - New Session Created: 44b39db0-9280-11e6-afc9-db71ba86793b
[INFO  - 2016-10-15T02:37:17.293Z] GhostDriver - Main - running on port 29091
[INFO  - 2016-10-15T02:37:17.552Z] Session [49f28ac0-9280-11e6-aaa8-1f9c4cb99f05] - page.settings - {"XSSAuditingEnabled":false,"javascriptCanCloseWindows":true,"javascriptCanOpenWindows":true,"javascriptEnabled":true,"loadImages":true,"localToRemoteUrlAccessEnabled":false,"userAgent":"Mozilla/5.0 (Macintosh; Intel Mac OS X) AppleWebKit/538.1 (KHTML, like Gecko) PhantomJS/2.1.1 Safari/538.1","webSecurityEnabled":true}
[INFO  - 2016-10-15T02:37:17.552Z] Session [49f28ac0-9280-11e6-aaa8-1f9c4cb99f05] - page.customHeaders:  - {}
[INFO  - 2016-10-15T02:37:17.552Z] Session [49f28ac0-9280-11e6-aaa8-1f9c4cb99f05] - Session.negotiatedCapabilities - {"browserName":"phantomjs","version":"2.1.1","driverName":"ghostdriver","driverVersion":"1.2.0","platform":"mac-10.11 (El Capitan)-64bit","javascriptEnabled":true,"takesScreenshot":true,"handlesAlerts":false,"databaseEnabled":false,"locationContextEnabled":false,"applicationCacheEnabled":false,"browserConnectionEnabled":false,"cssSelectorsEnabled":true,"webStorageEnabled":false,"rotatable":false,"acceptSslCerts":false,"nativeEvents":true,"proxy":{"proxyType":"direct"}}
[INFO  - 2016-10-15T02:37:17.552Z] SessionManagerReqHand - _postNewSessionCommand - New Session Created: 49f28ac0-9280-11e6-aaa8-1f9c4cb99f05
[INFO  - 2016-10-15T02:41:41.475Z] SessionManagerReqHand - _cleanupWindowlessSessions - Asynchronous Sessions clean-up phase starting NOW
[INFO  - 2016-10-15T02:41:41.475Z] SessionManagerReqHand - _cleanupWindowlessSessions - Deleted Session '34520b00-9280-11e6-92d8-f1f8ea414316', because windowless
[INFO  - 2016-10-15T02:41:49.474Z] SessionManagerReqHand - _cleanupWindowlessSessions - Asynchronous Sessions clean-up phase starting NOW
[INFO  - 2016-10-15T02:41:49.475Z] SessionManagerReqHand - _cleanupWindowlessSessions - Deleted Session '393eb960-9280-11e6-9311-7faf182539c5', because windowless
[INFO  - 2016-10-15T02:41:55.999Z] SessionManagerReqHand - _cleanupWindowlessSessions - Asynchronous Sessions clean-up phase starting NOW
[INFO  - 2016-10-15T02:41:56.000Z] SessionManagerReqHand - _cleanupWindowlessSessions - Deleted Session '3d3ff650-9280-11e6-8d1f-49a4e2cf4769', because windowless
[INFO  - 2016-10-15T02:42:01.473Z] SessionManagerReqHand - _cleanupWindowlessSessions - Asynchronous Sessions clean-up phase starting NOW
[INFO  - 2016-10-15T02:42:01.473Z] SessionManagerReqHand - _cleanupWindowlessSessions - Deleted Session '4087f560-9280-11e6-974d-177b6c9b5d70', because windowless
[INFO  - 2016-10-15T02:42:08.473Z] SessionManagerReqHand - _cleanupWindowlessSessions - Asynchronous Sessions clean-up phase starting NOW
[INFO  - 2016-10-15T02:42:08.473Z] SessionManagerReqHand - _cleanupWindowlessSessions - Deleted Session '44b39db0-9280-11e6-afc9-db71ba86793b', because windowless
[INFO  - 2016-10-15T02:42:17.473Z] SessionManagerReqHand - _cleanupWindowlessSessions - Asynchronous Sessions clean-up phase starting NOW
[INFO  - 2016-10-15T02:42:17.474Z] SessionManagerReqHand - _cleanupWindowlessSessions - Deleted Session '49f28ac0-9280-11e6-aaa8-1f9c4cb99f05', because windowless
